  [1m[35m (1.4ms)[0m  [1m[34mSELECT sqlite_version(*)[0m
  [1m[35m (155.4ms)[0m  [1m[35mCREATE TABLE "schema_migrations" ("version" varchar NOT NULL PRIMARY KEY)[0m
  [1m[35m (117.4ms)[0m  [1m[35mCREATE TABLE "ar_internal_metadata" ("key" varchar NOT NULL PRIMARY KEY, "value" varchar, "created_at" datetime(6) NOT NULL, "updated_at" datetime(6) NOT NULL)[0m
  [1m[35m (0.2ms)[0m  [1m[34mSELECT "schema_migrations"."version" FROM "schema_migrations" ORDER BY "schema_migrations"."version" ASC[0m
Migrating to CreateDomains (20191013013012)
  [1m[35m (0.1ms)[0m  [1m[36mbegin transaction[0m
  [1m[35m (0.3ms)[0m  [1m[35mCREATE TABLE "domains" ("id" integer PRIMARY KEY AUTOINCREMENT NOT NULL, "name" varchar, "type" varchar, "ttl" varchar, "primary_name_server" varchar, "contact" varchar, "refresh" varchar, "retry" varchar, "expire" varchar, "minimum" varchar, "created_at" datetime(6) NOT NULL, "updated_at" datetime(6) NOT NULL)[0m
  [1m[36mprimary::SchemaMigration Create (0.2ms)[0m  [1m[32mINSERT INTO "schema_migrations" ("version") VALUES (?)[0m  [["version", "20191013013012"]]
  [1m[35m (128.3ms)[0m  [1m[36mcommit transaction[0m
Migrating to AlterarColunaType (20191013185704)
  [1m[35m (0.1ms)[0m  [1m[36mbegin transaction[0m
  [1m[35m (0.1ms)[0m  [1m[35mPRAGMA foreign_keys[0m
  [1m[35m (0.1ms)[0m  [1m[35mPRAGMA defer_foreign_keys[0m
  [1m[35m (0.1ms)[0m  [1m[35mPRAGMA defer_foreign_keys = ON[0m
  [1m[35m (0.0ms)[0m  [1m[35mPRAGMA foreign_keys = OFF[0m
  [1m[35m (0.2ms)[0m  [1m[35mCREATE TEMPORARY TABLE "adomains" ("id" integer NOT NULL PRIMARY KEY, "name" varchar DEFAULT NULL, "type_domain" varchar DEFAULT NULL, "ttl" varchar DEFAULT NULL, "primary_name_server" varchar DEFAULT NULL, "contact" varchar DEFAULT NULL, "refresh" varchar DEFAULT NULL, "retry" varchar DEFAULT NULL, "expire" varchar DEFAULT NULL, "minimum" varchar DEFAULT NULL, "created_at" datetime(6) NOT NULL, "updated_at" datetime(6) NOT NULL)[0m
  [1m[35m (0.1ms)[0m  [1m[32mINSERT INTO "adomains" ("id","name","type_domain","ttl","primary_name_server","contact","refresh","retry","expire","minimum","created_at","updated_at")
                     SELECT "id","name","type","ttl","primary_name_server","contact","refresh","retry","expire","minimum","created_at","updated_at" FROM "domains"[0m
  [1m[35m (0.2ms)[0m  [1m[35mDROP TABLE "domains"[0m
  [1m[35m (0.2ms)[0m  [1m[35mCREATE TABLE "domains" ("id" integer NOT NULL PRIMARY KEY, "name" varchar DEFAULT NULL, "type_domain" varchar DEFAULT NULL, "ttl" varchar DEFAULT NULL, "primary_name_server" varchar DEFAULT NULL, "contact" varchar DEFAULT NULL, "refresh" varchar DEFAULT NULL, "retry" varchar DEFAULT NULL, "expire" varchar DEFAULT NULL, "minimum" varchar DEFAULT NULL, "created_at" datetime(6) NOT NULL, "updated_at" datetime(6) NOT NULL)[0m
  [1m[35m (0.1ms)[0m  [1m[32mINSERT INTO "domains" ("id","name","type_domain","ttl","primary_name_server","contact","refresh","retry","expire","minimum","created_at","updated_at")
                     SELECT "id","name","type_domain","ttl","primary_name_server","contact","refresh","retry","expire","minimum","created_at","updated_at" FROM "adomains"[0m
  [1m[35m (0.2ms)[0m  [1m[35mDROP TABLE "adomains"[0m
  [1m[35m (0.1ms)[0m  [1m[35mPRAGMA defer_foreign_keys = 0[0m
  [1m[35m (0.1ms)[0m  [1m[35mPRAGMA foreign_keys = 1[0m
  [1m[36mprimary::SchemaMigration Create (0.2ms)[0m  [1m[32mINSERT INTO "schema_migrations" ("version") VALUES (?)[0m  [["version", "20191013185704"]]
  [1m[35m (108.2ms)[0m  [1m[36mcommit transaction[0m
Migrating to AddZonaPai (20191013205822)
  [1m[35m (0.1ms)[0m  [1m[36mbegin transaction[0m
  [1m[35m (0.6ms)[0m  [1m[35mALTER TABLE "domains" ADD "is_contained_id" integer[0m
  [1m[35m (0.3ms)[0m  [1m[35mCREATE  INDEX "index_domains_on_is_contained_id" ON "domains" ("is_contained_id")[0m
  [1m[36mprimary::SchemaMigration Create (0.2ms)[0m  [1m[32mINSERT INTO "schema_migrations" ("version") VALUES (?)[0m  [["version", "20191013205822"]]
  [1m[35m (114.9ms)[0m  [1m[36mcommit transaction[0m
  [1m[36mActiveRecord::InternalMetadata Load (0.5ms)[0m  [1m[34mSELECT "ar_internal_metadata".* FROM "ar_internal_metadata" WHERE "ar_internal_metadata"."key" = ? LIMIT ?[0m  [["key", "environment"], ["LIMIT", 1]]
  [1m[35m (0.1ms)[0m  [1m[36mbegin transaction[0m
  [1m[36mActiveRecord::InternalMetadata Create (0.3ms)[0m  [1m[32mINSERT INTO "ar_internal_metadata" ("key", "value", "created_at", "updated_at") VALUES (?, ?, ?, ?)[0m  [["key", "environment"], ["value", "development"], ["created_at", "2019-10-15 18:52:18.708219"], ["updated_at", "2019-10-15 18:52:18.708219"]]
  [1m[35m (83.2ms)[0m  [1m[36mcommit transaction[0m
  [1m[35m (0.2ms)[0m  [1m[34mSELECT sqlite_version(*)[0m
  [1m[35m (0.1ms)[0m  [1m[34mSELECT "schema_migrations"."version" FROM "schema_migrations" ORDER BY "schema_migrations"."version" ASC[0m
Started GET "/" for ::1 at 2019-10-15 15:52:46 -0300
  [1m[35m (0.5ms)[0m  [1m[34mSELECT sqlite_version(*)[0m
  [1m[35m (0.2ms)[0m  [1m[34mSELECT "schema_migrations"."version" FROM "schema_migrations" ORDER BY "schema_migrations"."version" ASC[0m
Processing by Rails::WelcomeController#index as HTML
  Rendering /home/leonardo/.rbenv/versions/2.6.5/lib/ruby/gems/2.6.0/gems/railties-6.0.0/lib/rails/templates/rails/welcome/index.html.erb
  Rendered /home/leonardo/.rbenv/versions/2.6.5/lib/ruby/gems/2.6.0/gems/railties-6.0.0/lib/rails/templates/rails/welcome/index.html.erb (Duration: 35.3ms | Allocations: 480)
Completed 200 OK in 59ms (Views: 40.7ms | ActiveRecord: 0.0ms | Allocations: 5326)


Started GET "/domains" for ::1 at 2019-10-15 15:52:49 -0300
Processing by DomainsController#index as HTML
  Rendering domains/index.html.erb within layouts/application
  [1m[36mDomain Load (0.2ms)[0m  [1m[34mSELECT "domains".* FROM "domains"[0m
  ↳ app/views/domains/index.html.erb:22
  Rendered domains/index.html.erb within layouts/application (Duration: 4.6ms | Allocations: 1836)
[Webpacker] Compiling…
Started GET "/domains" for ::1 at 2019-10-15 15:52:53 -0300
  [1m[35m (0.1ms)[0m  [1m[34mSELECT sqlite_version(*)[0m
Processing by DomainsController#index as HTML
  Rendering domains/index.html.erb within layouts/application
  [1m[36mDomain Load (0.3ms)[0m  [1m[34mSELECT "domains".* FROM "domains"[0m
  ↳ app/views/domains/index.html.erb:22
  Rendered domains/index.html.erb within layouts/application (Duration: 12.3ms | Allocations: 681)
[Webpacker] Compiling…
[Webpacker] Compiled all packs in /home/leonardo/workspace/desafio_dev_backend_infra/CrudDNS/public/packs
Completed 200 OK in 5562ms (Views: 5546.8ms | ActiveRecord: 0.5ms | Allocations: 1289213)


[Webpacker] Compiled all packs in /home/leonardo/workspace/desafio_dev_backend_infra/CrudDNS/public/packs
Completed 200 OK in 2588ms (Views: 2584.2ms | ActiveRecord: 0.3ms | Allocations: 11357)


Started GET "/domains/new" for ::1 at 2019-10-15 15:52:58 -0300
Processing by DomainsController#new as HTML
  Rendering domains/new.html.erb within layouts/application
  Rendered domains/_form.html.erb (Duration: 185.0ms | Allocations: 9181)
  Rendered domains/new.html.erb within layouts/application (Duration: 186.1ms | Allocations: 9542)
Completed 200 OK in 216ms (Views: 193.7ms | ActiveRecord: 0.9ms | Allocations: 22803)


Started GET "/domains" for ::1 at 2019-10-15 15:53:00 -0300
Processing by DomainsController#index as HTML
  Rendering domains/index.html.erb within layouts/application
  [1m[36mDomain Load (0.2ms)[0m  [1m[34mSELECT "domains".* FROM "domains"[0m
  ↳ app/views/domains/index.html.erb:22
  Rendered domains/index.html.erb within layouts/application (Duration: 5.1ms | Allocations: 639)
Completed 200 OK in 30ms (Views: 28.6ms | ActiveRecord: 0.2ms | Allocations: 5964)


Started GET "/records" for ::1 at 2019-10-15 15:59:55 -0300
  [1m[35m (0.9ms)[0m  [1m[34mSELECT sqlite_version(*)[0m
  [1m[35m (0.2ms)[0m  [1m[34mSELECT "schema_migrations"."version" FROM "schema_migrations" ORDER BY "schema_migrations"."version" ASC[0m
  
ActiveRecord::PendingMigrationError (

Migrations are pending. To resolve this issue, run:

        rails db:migrate RAILS_ENV=development

):
  
activerecord (6.0.0) lib/active_record/migration.rb:587:in `check_pending!'
activerecord (6.0.0) lib/active_record/migration.rb:564:in `call'
actionpack (6.0.0) lib/action_dispatch/middleware/callbacks.rb:27:in `block in call'
activesupport (6.0.0) lib/active_support/callbacks.rb:101:in `run_callbacks'
actionpack (6.0.0) lib/action_dispatch/middleware/callbacks.rb:26:in `call'
actionpack (6.0.0) lib/action_dispatch/middleware/executor.rb:14:in `call'
actionpack (6.0.0) lib/action_dispatch/middleware/actionable_exceptions.rb:17:in `call'
actionpack (6.0.0) lib/action_dispatch/middleware/debug_exceptions.rb:32:in `call'
web-console (4.0.1) lib/web_console/middleware.rb:132:in `call_app'
web-console (4.0.1) lib/web_console/middleware.rb:28:in `block in call'
web-console (4.0.1) lib/web_console/middleware.rb:17:in `catch'
web-console (4.0.1) lib/web_console/middleware.rb:17:in `call'
actionpack (6.0.0) lib/action_dispatch/middleware/show_exceptions.rb:33:in `call'
railties (6.0.0) lib/rails/rack/logger.rb:38:in `call_app'
railties (6.0.0) lib/rails/rack/logger.rb:26:in `block in call'
activesupport (6.0.0) lib/active_support/tagged_logging.rb:80:in `block in tagged'
activesupport (6.0.0) lib/active_support/tagged_logging.rb:28:in `tagged'
activesupport (6.0.0) lib/active_support/tagged_logging.rb:80:in `tagged'
railties (6.0.0) lib/rails/rack/logger.rb:26:in `call'
sprockets-rails (3.2.1) lib/sprockets/rails/quiet_assets.rb:13:in `call'
actionpack (6.0.0) lib/action_dispatch/middleware/remote_ip.rb:81:in `call'
actionpack (6.0.0) lib/action_dispatch/middleware/request_id.rb:27:in `call'
rack (2.0.7) lib/rack/method_override.rb:22:in `call'
rack (2.0.7) lib/rack/runtime.rb:22:in `call'
activesupport (6.0.0) lib/active_support/cache/strategy/local_cache_middleware.rb:29:in `call'
actionpack (6.0.0) lib/action_dispatch/middleware/executor.rb:14:in `call'
actionpack (6.0.0) lib/action_dispatch/middleware/static.rb:126:in `call'
rack (2.0.7) lib/rack/sendfile.rb:111:in `call'
actionpack (6.0.0) lib/action_dispatch/middleware/host_authorization.rb:83:in `call'
webpacker (4.0.7) lib/webpacker/dev_server_proxy.rb:29:in `perform_request'
rack-proxy (0.6.5) lib/rack/proxy.rb:57:in `call'
railties (6.0.0) lib/rails/engine.rb:526:in `call'
puma (3.12.1) lib/puma/configuration.rb:227:in `call'
puma (3.12.1) lib/puma/server.rb:660:in `handle_request'
puma (3.12.1) lib/puma/server.rb:474:in `process_client'
puma (3.12.1) lib/puma/server.rb:334:in `block in run'
puma (3.12.1) lib/puma/thread_pool.rb:135:in `block in spawn_thread'
  [1m[35m (0.4ms)[0m  [1m[34mSELECT sqlite_version(*)[0m
  [1m[35m (0.1ms)[0m  [1m[34mSELECT "schema_migrations"."version" FROM "schema_migrations" ORDER BY "schema_migrations"."version" ASC[0m
Migrating to CreateRecords (20191015185751)
  [1m[35m (0.1ms)[0m  [1m[36mbegin transaction[0m
  [1m[35m (0.3ms)[0m  [1m[35mCREATE TABLE "records" ("id" integer PRIMARY KEY AUTOINCREMENT NOT NULL, "type" varchar, "host" varchar, "ttl" varchar, "content" varchar, "priority" integer, "created_at" datetime(6) NOT NULL, "updated_at" datetime(6) NOT NULL)[0m
  [1m[36mprimary::SchemaMigration Create (0.2ms)[0m  [1m[32mINSERT INTO "schema_migrations" ("version") VALUES (?)[0m  [["version", "20191015185751"]]
  [1m[35m (290.4ms)[0m  [1m[36mcommit transaction[0m
  [1m[36mActiveRecord::InternalMetadata Load (0.3ms)[0m  [1m[34mSELECT "ar_internal_metadata".* FROM "ar_internal_metadata" WHERE "ar_internal_metadata"."key" = ? LIMIT ?[0m  [["key", "environment"], ["LIMIT", 1]]
  [1m[35m (0.1ms)[0m  [1m[34mSELECT sqlite_version(*)[0m
  [1m[35m (0.1ms)[0m  [1m[34mSELECT "schema_migrations"."version" FROM "schema_migrations" ORDER BY "schema_migrations"."version" ASC[0m
Started GET "/records" for ::1 at 2019-10-15 16:01:19 -0300
  [1m[35m (1.2ms)[0m  [1m[34mSELECT sqlite_version(*)[0m
  [1m[35m (0.2ms)[0m  [1m[34mSELECT "schema_migrations"."version" FROM "schema_migrations" ORDER BY "schema_migrations"."version" ASC[0m
Processing by RecordsController#index as HTML
  Rendering records/index.html.erb within layouts/application
  [1m[36mRecord Load (0.4ms)[0m  [1m[34mSELECT "records".* FROM "records"[0m
  ↳ app/views/records/index.html.erb:18
  Rendered records/index.html.erb within layouts/application (Duration: 4.5ms | Allocations: 1641)
Completed 200 OK in 1340ms (Views: 1327.8ms | ActiveRecord: 0.8ms | Allocations: 1262963)


Started GET "/records/new" for ::1 at 2019-10-15 16:01:32 -0300
Processing by RecordsController#new as HTML
  Rendering records/new.html.erb within layouts/application
  Rendered records/_form.html.erb (Duration: 48.5ms | Allocations: 3583)
  Rendered records/new.html.erb within layouts/application (Duration: 50.1ms | Allocations: 3944)
Completed 200 OK in 78ms (Views: 62.1ms | ActiveRecord: 1.0ms | Allocations: 15183)


Started GET "/records" for ::1 at 2019-10-15 16:01:49 -0300
Processing by RecordsController#index as HTML
  Rendering records/index.html.erb within layouts/application
  [1m[36mRecord Load (0.2ms)[0m  [1m[34mSELECT "records".* FROM "records"[0m
  ↳ app/views/records/index.html.erb:18
  Rendered records/index.html.erb within layouts/application (Duration: 5.4ms | Allocations: 639)
Completed 200 OK in 21ms (Views: 19.8ms | ActiveRecord: 0.2ms | Allocations: 6815)


Started GET "/records/new" for ::1 at 2019-10-15 16:01:51 -0300
Processing by RecordsController#new as HTML
  Rendering records/new.html.erb within layouts/application
  Rendered records/_form.html.erb (Duration: 9.5ms | Allocations: 1263)
  Rendered records/new.html.erb within layouts/application (Duration: 11.3ms | Allocations: 1355)
Completed 200 OK in 28ms (Views: 26.0ms | ActiveRecord: 0.0ms | Allocations: 7528)


Started GET "/records/new" for ::1 at 2019-10-15 16:04:19 -0300
Processing by RecordsController#new as HTML
  Rendering records/new.html.erb within layouts/application
  Rendered records/_form.html.erb (Duration: 10.1ms | Allocations: 3836)
  Rendered records/new.html.erb within layouts/application (Duration: 11.1ms | Allocations: 4179)
Completed 200 OK in 23ms (Views: 20.8ms | ActiveRecord: 0.0ms | Allocations: 11196)


Started GET "/domains" for ::1 at 2019-10-15 16:08:07 -0300
Processing by DomainsController#index as HTML
  Rendering domains/index.html.erb within layouts/application
  [1m[36mDomain Load (0.3ms)[0m  [1m[34mSELECT "domains".* FROM "domains"[0m
  ↳ app/views/domains/index.html.erb:22
  Rendered domains/index.html.erb within layouts/application (Duration: 3.3ms | Allocations: 1712)
Completed 200 OK in 13ms (Views: 10.2ms | ActiveRecord: 0.5ms | Allocations: 9546)


Started GET "/domains/new" for ::1 at 2019-10-15 16:08:09 -0300
Processing by DomainsController#new as HTML
  Rendering domains/new.html.erb within layouts/application
  Rendered domains/_form.html.erb (Duration: 4.9ms | Allocations: 3098)
  Rendered domains/new.html.erb within layouts/application (Duration: 5.8ms | Allocations: 3439)
Completed 200 OK in 35ms (Views: 12.6ms | ActiveRecord: 0.6ms | Allocations: 17345)


Started GET "/domains" for ::1 at 2019-10-15 16:08:17 -0300
Processing by DomainsController#index as HTML
  Rendering domains/index.html.erb within layouts/application
  [1m[36mDomain Load (0.2ms)[0m  [1m[34mSELECT "domains".* FROM "domains"[0m
  ↳ app/views/domains/index.html.erb:22
  Rendered domains/index.html.erb within layouts/application (Duration: 1.9ms | Allocations: 631)
Completed 200 OK in 13ms (Views: 11.9ms | ActiveRecord: 0.2ms | Allocations: 6793)


Started GET "/records" for ::1 at 2019-10-15 16:08:30 -0300
Processing by RecordsController#index as HTML
  Rendering records/index.html.erb within layouts/application
  [1m[36mRecord Load (0.3ms)[0m  [1m[34mSELECT "records".* FROM "records"[0m
  ↳ app/views/records/index.html.erb:18
  Rendered records/index.html.erb within layouts/application (Duration: 2.8ms | Allocations: 922)
Completed 200 OK in 14ms (Views: 12.9ms | ActiveRecord: 0.3ms | Allocations: 7218)


Started GET "/records/new" for ::1 at 2019-10-15 16:08:32 -0300
Processing by RecordsController#new as HTML
  Rendering records/new.html.erb within layouts/application
  Rendered records/_form.html.erb (Duration: 4.5ms | Allocations: 1353)
  Rendered records/new.html.erb within layouts/application (Duration: 5.6ms | Allocations: 1444)
Completed 200 OK in 25ms (Views: 24.2ms | ActiveRecord: 0.0ms | Allocations: 7619)


Started GET "/records" for ::1 at 2019-10-15 16:08:43 -0300
Processing by RecordsController#index as HTML
  Rendering records/index.html.erb within layouts/application
  [1m[36mRecord Load (0.2ms)[0m  [1m[34mSELECT "records".* FROM "records"[0m
  ↳ app/views/records/index.html.erb:18
  Rendered records/index.html.erb within layouts/application (Duration: 2.9ms | Allocations: 631)
Completed 200 OK in 17ms (Views: 15.9ms | ActiveRecord: 0.2ms | Allocations: 6789)


Started GET "/records/new" for ::1 at 2019-10-15 16:47:09 -0300
  [1m[35m (0.1ms)[0m  [1m[34mSELECT sqlite_version(*)[0m
Processing by RecordsController#new as HTML
  Rendering records/new.html.erb within layouts/application
  Rendered records/_form.html.erb (Duration: 2.4ms | Allocations: 1350)
  Rendered records/new.html.erb within layouts/application (Duration: 2.7ms | Allocations: 1441)
Completed 200 OK in 29ms (Views: 27.9ms | ActiveRecord: 0.0ms | Allocations: 7613)


Started GET "/records" for ::1 at 2019-10-15 16:47:11 -0300
Processing by RecordsController#index as HTML
  Rendering records/index.html.erb within layouts/application
  [1m[36mRecord Load (0.2ms)[0m  [1m[34mSELECT "records".* FROM "records"[0m
  ↳ app/views/records/index.html.erb:18
  Rendered records/index.html.erb within layouts/application (Duration: 1.4ms | Allocations: 653)
Completed 200 OK in 13ms (Views: 11.3ms | ActiveRecord: 0.2ms | Allocations: 6802)


Started GET "/records/new" for ::1 at 2019-10-15 16:59:53 -0300
  [1m[35m (0.2ms)[0m  [1m[34mSELECT sqlite_version(*)[0m
Processing by RecordsController#new as HTML
  Rendering records/new.html.erb within layouts/application
  Rendered records/_form.html.erb (Duration: 5.0ms | Allocations: 1350)
  Rendered records/new.html.erb within layouts/application (Duration: 7.2ms | Allocations: 1441)
Completed 200 OK in 29ms (Views: 27.1ms | ActiveRecord: 0.0ms | Allocations: 8388)


Started GET "/records" for ::1 at 2019-10-16 17:13:29 -0300
  [1m[35m (1.1ms)[0m  [1m[34mSELECT sqlite_version(*)[0m
  [1m[35m (0.3ms)[0m  [1m[34mSELECT "schema_migrations"."version" FROM "schema_migrations" ORDER BY "schema_migrations"."version" ASC[0m
Processing by RecordsController#index as HTML
  Rendering records/index.html.erb within layouts/application
  [1m[36mRecord Load (13.8ms)[0m  [1m[34mSELECT "records".* FROM "records"[0m
  ↳ app/views/records/index.html.erb:18
  Rendered records/index.html.erb within layouts/application (Duration: 34.9ms | Allocations: 1641)
Completed 200 OK in 1660ms (Views: 1620.4ms | ActiveRecord: 14.4ms | Allocations: 1257479)


Started GET "/records/new" for ::1 at 2019-10-16 17:13:33 -0300
Processing by RecordsController#new as HTML
  Rendering records/new.html.erb within layouts/application
  Rendered records/_form.html.erb (Duration: 140.8ms | Allocations: 3724)
  Rendered records/new.html.erb within layouts/application (Duration: 151.9ms | Allocations: 4085)
Completed 200 OK in 171ms (Views: 159.0ms | ActiveRecord: 0.6ms | Allocations: 15299)


